# 目的関数の選び方
正直なところ、確実な方法が分からないので自分なりにどうやって決めているかを説明する。基本戦略は、ファイルを入力する場合であればCreateFile及びそれに対応するCloseHandleの両関数を含む呼び出し元の関数だ。


## CreateFileW/Aについて
以下の例の通りである。

```C:CreateFileW
HANDLE CreateFileW(
  [in]           LPCWSTR               lpFileName,
  [in]           DWORD                 dwDesiredAccess,
  [in]           DWORD                 dwShareMode,
  [in, optional] LPSECURITY_ATTRIBUTES lpSecurityAttributes,
  [in]           DWORD                 dwCreationDisposition,
  [in]           DWORD                 dwFlagsAndAttributes,
  [in, optional] HANDLE                hTemplateFile
);
```

```C:CreateFileA
HANDLE CreateFileA(
  [in]           LPCSTR                lpFileName,
  [in]           DWORD                 dwDesiredAccess,
  [in]           DWORD                 dwShareMode,
  [in, optional] LPSECURITY_ATTRIBUTES lpSecurityAttributes,
  [in]           DWORD                 dwCreationDisposition,
  [in]           DWORD                 dwFlagsAndAttributes,
  [in, optional] HANDLE                hTemplateFile
);
```

注目すべきは共に第一引数である。例えば、「Test1.jww」というファイルを読み込ませたのであれば、```da lpFileName```又は```du lpFileName```はファイル名となる。

また、その際の戻り値```HANDLE```も控えておくと、対応するCloseHandleが特定できる。

## JWCADの場合
Jw_cadの最新版 Version 8.25(2022/04/04)が出たので、これをFuzzingすることを考える。

実行コマンドは以下の通りである。
```
jw_win.exe Test1.exe
```

### CreateFileの特定
以下の通りにブレークポイントを設定する。

```
0:000> bu KERNEL32!CreateFileA
0:000> bu KERNEL32!CreateFileW
```

そして```g```コマンドを実行して処理を進める。

```
0:000> g
ModLoad: 76370000 763cf000   C:\Windows\SysWOW64\bcryptPrimitives.dll
ModLoad: 753b0000 753bf000   C:\Windows\SysWOW64\kernel.appcore.dll
ModLoad: 77d60000 77dde000   C:\Windows\SysWOW64\clbcatq.dll
ModLoad: 69b00000 69c71000   C:\Windows\SysWOW64\windowscodecs.dll
ModLoad: 75cc0000 75cd9000   C:\Windows\SysWOW64\bcrypt.dll
Breakpoint 1 hit
eax=00000080 ebx=00199758 ecx=00000000 edx=00000000 esi=00199658 edi=0019961c
eip=774b3140 esp=001995d4 ebp=001995f4 iopl=0         nv up ei pl nz na po nc
cs=0023  ss=002b  ds=002b  es=002b  fs=0053  gs=002b             efl=00200202
KERNEL32!CreateFileW:
774b3140 ff25d00f5177    jmp     dword ptr [KERNEL32!_imp__CreateFileW (77510fd0)] ds:002b:77510fd0={KERNELBASE!CreateFileW (76ec03d0)}
```

続けて```kb```コマンドでスタックフレームを確認する。

```
0:000> kb
 # ChildEBP RetAddr      Args to Child              
00 001995f4 008e2493     00d13640 00199658 00000080 KERNEL32!CreateFileW
WARNING: Stack unwind information not available. Following frames may be wrong.
01 00199670 008e23b1     001996e4 00199758 00d13640 Jw_win+0x4e2493
02 001996b0 008e1df6     001996e4 00199758 00d12ef8 Jw_win+0x4e23b1
03 00199704 008e23e5     00d12ef8 00004000 00000040 Jw_win+0x4e1df6
04 00199724 008d3091     00199758 00d12ef8 00004000 Jw_win+0x4e23e5
05 0019975c 008c5376     00d12ef8 0091cea0 00000040 Jw_win+0x4d3091
06 001997a4 008c53c8     00d12ef8 0091cea0 00000040 Jw_win+0x4c5376
07 001997b8 004c6ecf     00d12ef8 0091cea0 9fb08611 Jw_win+0x4c53c8
08 0019ff14 00401ded     0019ff2c 008ce84a 008b65a3 Jw_win+0xc6ecf
09 0019ff1c 008ce84a     008b65a3 008b65a3 0019ff70 Jw_win+0x1ded
0a 0019ff2c 008b64a3     00916b1c 0091711c 9fb08675 Jw_win+0x4ce84a
0b 0019ff70 774afa29     003d8000 774afa10 0019ffdc Jw_win+0x4b64a3
0c 0019ff80 77e57a7e     003d8000 3bc5916b 00000000 KERNEL32!BaseThreadInitThunk+0x19
0d 0019ffdc 77e57a4e     ffffffff 77e78a26 00000000 ntdll!__RtlUserThreadStart+0x2f
0e 0019ffec 00000000     008b65a3 003d8000 00000000 ntdll!_RtlUserThreadStart+0x1b
```

第一引数を確認する。

```
0:000> du 00d13640
00d13640  "C:\jww2\view_speed.exe"
```

残念ながら違うみたいである。

同様に何回か解析を進めると、

```
0:000> g
ModLoad: 10000000 1038b000   C:\jww2\common_lib.dll
ModLoad: 03f00000 04332000   C:\jww2\common_lib_AP202.dll
ModLoad: 03f00000 04332000   C:\jww2\common_lib_AP202.dll
ModLoad: 76290000 76364000   C:\Windows\SysWOW64\MSCTF.dll
ModLoad: 69c80000 69d14000   C:\Windows\SysWOW64\TextShaping.dll
Breakpoint 0 hit
eax=00198a40 ebx=00000000 ecx=00000003 edx=00000001 esi=00199128 edi=00d5fed0
eip=774b3130 esp=00198a14 ebp=00198b60 iopl=0         nv up ei pl zr na pe nc
cs=0023  ss=002b  ds=002b  es=002b  fs=0053  gs=002b             efl=00200246
KERNEL32!CreateFileA:
774b3130 ff25d40f5177    jmp     dword ptr [KERNEL32!_imp__CreateFileA (77510fd4)] ds:002b:77510fd4={KERNELBASE!CreateFileA (76eda890)}
0:000> kb
 # ChildEBP RetAddr      Args to Child              
00 00198b60 00788088     00199128 00000020 00d21f30 KERNEL32!CreateFileA
WARNING: Stack unwind information not available. Following frames may be wrong.
01 00198de8 00787111     00199128 00000020 00d21f30 Jw_win+0x388088
02 00198e1c 00787948     00199128 00000020 00d21f30 Jw_win+0x387111
03 00198eb4 00790cba     00199128 9fb0f7e9 00000000 Jw_win+0x387948
04 00198eec 007a9102     00199128 00000001 00000001 Jw_win+0x390cba
05 00199230 007a8edc     00d21f00 00000001 00d20b50 Jw_win+0x3a9102
06 00199248 007904c3     00d21f00 009ba718 004da270 Jw_win+0x3a8edc
07 0019925c 004dab57     00d21f00 9fb080d5 00000000 Jw_win+0x3904c3
08 0019f9d0 0078ff12     00d21f00 9fb08305 009ba718 Jw_win+0xdab57
09 0019fa00 004d099a     0019fa10 9fb08609 0093d3f8 Jw_win+0x38ff12
0a 0019ff0c 008e42fe     00000000 0000000a 003d8000 Jw_win+0xd099a
0b 0019ff24 008b651f     00400000 00000000 00cd4eeb Jw_win+0x4e42fe
0c 0019ff70 774afa29     003d8000 774afa10 0019ffdc Jw_win+0x4b651f
0d 0019ff80 77e57a7e     003d8000 3bc5916b 00000000 KERNEL32!BaseThreadInitThunk+0x19
0e 0019ffdc 77e57a4e     ffffffff 77e78a26 00000000 ntdll!__RtlUserThreadStart+0x2f
0f 0019ffec 00000000     008b65a3 003d8000 00000000 ntdll!_RtlUserThreadStart+0x1b
```

上記の様にブレークするので、第一引数を確認すると、

```
0:000> da 00199128
00199128  "C:\jww2\Test1.jww
```

これがjwwファイルを読み込む処理である。

- C:\jww2\common_lib.dll
- C:\jww2\common_lib_AP202.dll

というdllを読み込むことも分かったので、カバレッジの測定対象に追加することも考えられる。

さて、HANDLEを確認したい。リターンアドレスにブレークポイントを設定して処理を進める。

```
0:000> bp 00788088
0:000> g
Breakpoint 2 hit
eax=00000001 ebx=00d5fed0 ecx=9fa97905 edx=00cd0000 esi=00199128 edi=00d5fee4
eip=00788088 esp=00198b74 ebp=00198de8 iopl=0         nv up ei pl zr na pe nc
cs=0023  ss=002b  ds=002b  es=002b  fs=0053  gs=002b             efl=00200246
Jw_win+0x388088:
00788088 e834e51200      call    Jw_win+0x4b65c1 (008b65c1)
```

HANDLEは```eax=00000001```らしい。

リターン後の前後の処理を見ると、

```
0078806e eb18         jmp     Jw_win+0x388088 (00788088)
00788070 8bcf         mov     ecx, edi
00788072 e879d4c7ff   call    Jw_win+0x54f0 (004054f0)
00788077 ffb5bcfdffff push    dword ptr [ebp-244h]
0078807d 8bcb         mov     ecx, ebx
0078807f ff750c       push    dword ptr [ebp+0Ch]
00788082 56           push    esi
00788083 e81bd5ffff   call    Jw_win+0x3855a3 (007855a3)
00788088 e834e51200   call    Jw_win+0x4b65c1 (008b65c1)
0078808d c20c00       ret     0Ch
00788090 55           push    ebp
00788091 8bec         mov     ebp, esp
```

直後に```00788088 e834e51200   call    Jw_win+0x4b65c1 (008b65c1)```で別の関数を呼び出し、その後リターンしている。


### CloseHandleの特定（良く分かってない）
取り敢えず、対応するCloseHandle関数の呼び出しを特定したい。

```
0:000> bl
     0 e Disable Clear  774b3130     0001 (0001)  0:**** KERNEL32!CreateFileA
     1 e Disable Clear  774b3140     0001 (0001)  0:**** KERNEL32!CreateFileW
     2 e Disable Clear  00788088     0001 (0001)  0:**** Jw_win+0x388088
0:000> bc 0
0:000> bc 1
0:000> bc 2
0:000> bu KERNEL32!CloseHandle
```

これで準備完了である。


ところで、CloseHandleは以下の通りなので、

```c
BOOL CloseHandle(
  [in] HANDLE hObject
);
```

第一引数の値に注目すれば良い。処理を進めてスタックフレームを確認する。

```
0:000> g
Breakpoint 0 hit
eax=00d66468 ebx=00000000 ecx=00d5fed0 edx=009b30e0 esi=00000000 edi=00d5fed0
eip=774b2ee0 esp=00198ddc ebp=00198e10 iopl=0         nv up ei pl nz ac po cy
cs=0023  ss=002b  ds=002b  es=002b  fs=0053  gs=002b             efl=00200213
KERNEL32!CloseHandle:
774b2ee0 ff2530115177    jmp     dword ptr [KERNEL32!_imp__CloseHandle (77511130)] ds:002b:77511130={KERNELBASE!CloseHandle (76ec13b0)}
0:000> kb
 # ChildEBP RetAddr      Args to Child              
00 00198e10 00788347     00d5fed0 00788319 00198eb4 KERNEL32!CloseHandle
WARNING: Stack unwind information not available. Following frames may be wrong.
01 00198e20 00787a4e     00d5fed0 00000000 9fb0f7b1 Jw_win+0x388347
02 00198eb4 00790cba     00199128 9fb0f7e9 00000000 Jw_win+0x387a4e
03 00198eec 007a9102     00199128 00000001 00000001 Jw_win+0x390cba
04 00199230 007a8edc     00d21f00 00000001 00d20b50 Jw_win+0x3a9102
05 00199248 007904c3     00d21f00 009ba718 004da270 Jw_win+0x3a8edc
06 0019925c 004dab57     00d21f00 9fb080d5 00000000 Jw_win+0x3904c3
07 0019f9d0 0078ff12     00d21f00 9fb08305 009ba718 Jw_win+0xdab57
08 0019fa00 004d099a     0019fa10 9fb08609 0093d3f8 Jw_win+0x38ff12
09 0019ff0c 008e42fe     00000000 0000000a 003d8000 Jw_win+0xd099a
0a 0019ff24 008b651f     00400000 00000000 00cd4eeb Jw_win+0x4e42fe
0b 0019ff70 774afa29     003d8000 774afa10 0019ffdc Jw_win+0x4b651f
0c 0019ff80 77e57a7e     003d8000 3bc5916b 00000000 KERNEL32!BaseThreadInitThunk+0x19
0d 0019ffdc 77e57a4e     ffffffff 77e78a26 00000000 ntdll!__RtlUserThreadStart+0x2f
0e 0019ffec 00000000     008b65a3 003d8000 00000000 ntdll!_RtlUserThreadStart+0x1b
0:000> dc 00d5fed0
```

最初にヒットしたのは上記の通りである。第一引数が```00d5fed0```であるが、この値はCreateFileAのリターン後に```ebx=00d5fed0```であったものと同一だが、詳細は不明である。以降ｍヒットするブレークポイントに第一引数が一致するものはなかった。

### スタックフレームの一致部分の確認
便宜的に、先ほど示したCloseHandleと、その前のCreateFileAのスタックフレームを比較する。


```
 # ChildEBP RetAddr      Args to Child              
00 00198e10 00788347     00d5fed0 00788319 00198eb4 KERNEL32!CloseHandle
WARNING: Stack unwind information not available. Following frames may be wrong.
01 00198e20 00787a4e     00d5fed0 00000000 9fb0f7b1 Jw_win+0x388347
02 00198eb4 00790cba     00199128 9fb0f7e9 00000000 Jw_win+0x387a4e
03 00198eec 007a9102     00199128 00000001 00000001 Jw_win+0x390cba
04 00199230 007a8edc     00d21f00 00000001 00d20b50 Jw_win+0x3a9102
05 00199248 007904c3     00d21f00 009ba718 004da270 Jw_win+0x3a8edc
06 0019925c 004dab57     00d21f00 9fb080d5 00000000 Jw_win+0x3904c3
07 0019f9d0 0078ff12     00d21f00 9fb08305 009ba718 Jw_win+0xdab57
08 0019fa00 004d099a     0019fa10 9fb08609 0093d3f8 Jw_win+0x38ff12
09 0019ff0c 008e42fe     00000000 0000000a 003d8000 Jw_win+0xd099a
0a 0019ff24 008b651f     00400000 00000000 00cd4eeb Jw_win+0x4e42fe
0b 0019ff70 774afa29     003d8000 774afa10 0019ffdc Jw_win+0x4b651f
0c 0019ff80 77e57a7e     003d8000 3bc5916b 00000000 KERNEL32!BaseThreadInitThunk+0x19
0d 0019ffdc 77e57a4e     ffffffff 77e78a26 00000000 ntdll!__RtlUserThreadStart+0x2f
0e 0019ffec 00000000     008b65a3 003d8000 00000000 ntdll!_RtlUserThreadStart+0x1b
```

```
 # ChildEBP RetAddr      Args to Child              
00 00198b60 00788088     00199128 00000020 00d21f30 KERNEL32!CreateFileA
WARNING: Stack unwind information not available. Following frames may be wrong.
01 00198de8 00787111     00199128 00000020 00d21f30 Jw_win+0x388088
02 00198e1c 00787948     00199128 00000020 00d21f30 Jw_win+0x387111
03 00198eb4 00790cba     00199128 9fb0f7e9 00000000 Jw_win+0x387948
04 00198eec 007a9102     00199128 00000001 00000001 Jw_win+0x390cba
05 00199230 007a8edc     00d21f00 00000001 00d20b50 Jw_win+0x3a9102
06 00199248 007904c3     00d21f00 009ba718 004da270 Jw_win+0x3a8edc
07 0019925c 004dab57     00d21f00 9fb080d5 00000000 Jw_win+0x3904c3
08 0019f9d0 0078ff12     00d21f00 9fb08305 009ba718 Jw_win+0xdab57
09 0019fa00 004d099a     0019fa10 9fb08609 0093d3f8 Jw_win+0x38ff12
0a 0019ff0c 008e42fe     00000000 0000000a 003d8000 Jw_win+0xd099a
0b 0019ff24 008b651f     00400000 00000000 00cd4eeb Jw_win+0x4e42fe
0c 0019ff70 774afa29     003d8000 774afa10 0019ffdc Jw_win+0x4b651f
0d 0019ff80 77e57a7e     003d8000 3bc5916b 00000000 KERNEL32!BaseThreadInitThunk+0x19
0e 0019ffdc 77e57a4e     ffffffff 77e78a26 00000000 ntdll!__RtlUserThreadStart+0x2f
0f 0019ffec 00000000     008b65a3 003d8000 00000000 ntdll!_RtlUserThreadStart+0x1b
```

一致部分は以下の通りである。

```
04 00198eec 007a9102     00199128 00000001 00000001 Jw_win+0x390cba
05 00199230 007a8edc     00d21f00 00000001 00d20b50 Jw_win+0x3a9102
06 00199248 007904c3     00d21f00 009ba718 004da270 Jw_win+0x3a8edc
07 0019925c 004dab57     00d21f00 9fb080d5 00000000 Jw_win+0x3904c3
08 0019f9d0 0078ff12     00d21f00 9fb08305 009ba718 Jw_win+0xdab57
09 0019fa00 004d099a     0019fa10 9fb08609 0093d3f8 Jw_win+0x38ff12
0a 0019ff0c 008e42fe     00000000 0000000a 003d8000 Jw_win+0xd099a
0b 0019ff24 008b651f     00400000 00000000 00cd4eeb Jw_win+0x4e42fe
0c 0019ff70 774afa29     003d8000 774afa10 0019ffdc Jw_win+0x4b651f
0d 0019ff80 77e57a7e     003d8000 3bc5916b 00000000 KERNEL32!BaseThreadInitThunk+0x19
0e 0019ffdc 77e57a4e     ffffffff 77e78a26 00000000 ntdll!__RtlUserThreadStart+0x2f
0f 0019ffec 00000000     008b65a3 003d8000 00000000 ntdll!_RtlUserThreadStart+0x1b
```

一番上のフレームから目的関数にふさわしいかチェックする。

### ```04 00198eec 007a9102     00199128 00000001 00000001 Jw_win+0x390cba```
リターンアドレスが007a9102なので、この部分を確認してみると。

```
0:000> u 007a9100
Jw_win+0x3a9100:
007a9100 ffd6            call    esi
007a9102 8b4dfc          mov     ecx,dword ptr [ebp-4]
007a9105 5f              pop     edi
007a9106 5e              pop     esi
007a9107 33cd            xor     ecx,ebp
007a9109 5b              pop     ebx
007a910a e878cc1000      call    Jw_win+0x4b5d87 (008b5d87)
007a910f c9              leave
```

※007a9102の一つ前がcall命令なので、少し前のアドレスを指定して```u```を実行した

```007a9100 ffd6            call    esi```が怪しいので、ここでブレークポイントを設定して、関数のアドレスを調べる。

一度restartを実行し、

```
0:000> bp 007a9100
0:000> g
ModLoad: 76370000 763cf000   C:\Windows\SysWOW64\bcryptPrimitives.dll
ModLoad: 753b0000 753bf000   C:\Windows\SysWOW64\kernel.appcore.dll
ModLoad: 77d60000 77dde000   C:\Windows\SysWOW64\clbcatq.dll
ModLoad: 63a30000 63ba1000   C:\Windows\SysWOW64\windowscodecs.dll
ModLoad: 75cc0000 75cd9000   C:\Windows\SysWOW64\bcrypt.dll
ModLoad: 6cda0000 6cda7000   C:\Windows\SysWOW64\DCIMAN32.DLL
ModLoad: 10000000 1038b000   C:\jww2\common_lib.dll
ModLoad: 03f30000 04362000   C:\jww2\common_lib_AP202.dll
ModLoad: 03f30000 04362000   C:\jww2\common_lib_AP202.dll
Breakpoint 0 hit
eax=00199128 ebx=00e31c98 ecx=00e31c98 edx=00de0000 esi=00790b29 edi=00000000
eip=007a9100 esp=00198ef4 ebp=00199230 iopl=0         nv up ei pl nz na po nc
cs=0023  ss=002b  ds=002b  es=002b  fs=0053  gs=002b             efl=00200202
Jw_win+0x3a9100:
007a9100 ffd6            call    esi {Jw_win+0x390b29 (00790b29)}
```

```t```コマンドでステップイン実行すると、

```
0:000> t
eax=00199128 ebx=00e31c98 ecx=00e31c98 edx=00de0000 esi=00790b29 edi=00000000
eip=00790b29 esp=00198ef0 ebp=00199230 iopl=0         nv up ei pl nz na po nc
cs=0023  ss=002b  ds=002b  es=002b  fs=0053  gs=002b             efl=00200202
Jw_win+0x390b29:
00790b29 6a10            push    10h
```

この```00790b29 6a10            push    10h```が目的関数の最初の候補になる。

### ```00790b29```の確認
実際にFuzzerを回すと上手く行かない。

![キャプチャ](https://user-images.githubusercontent.com/77034428/162575092-50345a78-161f-42bd-aaaa-07a713dade97.PNG)

### ```05 00199230 007a8edc     00d21f00 00000001 00d20b50 Jw_win+0x3a9102```
先ほどのものは上手く行かなかったので、次の候補として一つ下のスタックフレームを試す。

先ほどと同様に進めると、

```
0:000> u 007a8eda
Jw_win+0x3a8eda:
007a8eda ffd6            call    esi
007a8edc 5f              pop     edi
007a8edd 5e              pop     esi
007a8ede 5d              pop     ebp
007a8edf c20400          ret     4
007a8ee2 55              push    ebp
007a8ee3 8bec            mov     ebp,esp
007a8ee5 81ec24030000    sub     esp,324h
```

となる。

```007a8eda ffd6            call    esi```にブレークポイントを仕掛け、関数の先頭アドレスを調べると、

```
0:000> bp 007a8eda
0:000> g
ModLoad: 76370000 763cf000   C:\Windows\SysWOW64\bcryptPrimitives.dll
ModLoad: 753b0000 753bf000   C:\Windows\SysWOW64\kernel.appcore.dll
ModLoad: 77d60000 77dde000   C:\Windows\SysWOW64\clbcatq.dll
ModLoad: 63a30000 63ba1000   C:\Windows\SysWOW64\windowscodecs.dll
ModLoad: 75cc0000 75cd9000   C:\Windows\SysWOW64\bcrypt.dll
ModLoad: 6cda0000 6cda7000   C:\Windows\SysWOW64\DCIMAN32.DLL
ModLoad: 10000000 1038b000   C:\jww2\common_lib.dll
ModLoad: 04010000 04442000   C:\jww2\common_lib_AP202.dll
ModLoad: 04010000 04442000   C:\jww2\common_lib_AP202.dll
Breakpoint 0 hit
eax=009420ac ebx=ffffffff ecx=00f40d38 edx=00000011 esi=007a8ee2 edi=00f40d38
eip=007a8eda esp=00199238 ebp=00199248 iopl=0         nv up ei pl nz na po nc
cs=0023  ss=002b  ds=002b  es=002b  fs=0053  gs=002b             efl=00200202
Jw_win+0x3a8eda:
007a8eda ffd6            call    esi {Jw_win+0x3a8ee2 (007a8ee2)}
0:000> t
eax=009420ac ebx=ffffffff ecx=00f40d38 edx=00000011 esi=007a8ee2 edi=00f40d38
eip=007a8ee2 esp=00199234 ebp=00199248 iopl=0         nv up ei pl nz na po nc
cs=0023  ss=002b  ds=002b  es=002b  fs=0053  gs=002b             efl=00200202
Jw_win+0x3a8ee2:
007a8ee2 55              push    ebp
```

```007a8ee2```が目的関数の次の候補である。

### ```007a8ee2```の確認
```-target_offset 0x03a8ee2```として実行すると、以下の通りになった。

![キャプチャ](https://user-images.githubusercontent.com/77034428/162574548-105ac9b6-1680-473e-b744-788b4dc87594.PNG)

stabilityが非常に低いが、正常に動作している様に思える。恐らく成功である。
